<!DOCTYPE html PUBLIC "-//W3C//DTD XHTML 1.1//EN" "http://www.w3.org/TR/xhtml11/DTD/xhtml11.dtd">
<html xmlns="http://www.w3.org/1999/xhtml">
<head>
<meta http-equiv="content-type" content="text/html; charset=UTF-8"/>
<title>TestNG Report</title>
<style type="text/css">table {margin-bottom:10px;border-collapse:collapse;empty-cells:show}th,td {border:1px solid #009;padding:.25em .5em}th {vertical-align:bottom}td {vertical-align:top}table a {font-weight:bold}.stripe td {background-color: #E6EBF9}.num {text-align:right}.passedodd td {background-color: #3F3}.passedeven td {background-color: #0A0}.skippedodd td {background-color: #DDD}.skippedeven td {background-color: #CCC}.failedodd td,.attn {background-color: #F33}.failedeven td,.stripe .attn {background-color: #D00}.stacktrace {white-space:pre;font-family:monospace}.totop {font-size:85%;text-align:center;border-bottom:2px solid #000}.invisible {display:none}</style>
</head>
<body>
<table>
<tr><th>Test</th><th># Passed</th><th># Skipped</th><th># Failed</th><th>Time (ms)</th><th>Included Groups</th><th>Excluded Groups</th></tr>
<tr><th colspan="7">Suite</th></tr>
<tr><td><a href="#t0">LoginTest</a></td><td class="num">3</td><td class="num">0</td><td class="num">0</td><td class="num">38</td><td></td><td></td></tr>
<tr class="stripe"><td><a href="#t1">ValidateButtonTest</a></td><td class="num">0</td><td class="num">0</td><td class="num attn">1</td><td class="num">15</td><td></td><td></td></tr>
<tr><td><a href="#t2">TestDependencies</a></td><td class="num">0</td><td class="num attn">1</td><td class="num">0</td><td class="num">0</td><td>high</td><td></td></tr>
<tr><th>Total</th><th class="num">3</th><th class="num attn">1</th><th class="num attn">1</th><th class="num">53</th><th colspan="2"></th></tr>
</table>
<table id='summary'><thead><tr><th>Class</th><th>Method</th><th>Start</th><th>Time (ms)</th></tr></thead><tbody><tr><th colspan="4">Suite</th></tr></tbody><tbody id="t0"><tr><th colspan="4">LoginTest &#8212; passed</th></tr><tr class="passedeven"><td rowspan="3">testNgLearning.OneLoginTest</td><td><a href="#m0">checkinbox</a></td><td rowspan="1">1531027042600</td><td rowspan="1">0</td></tr><tr class="passedeven"><td><a href="#m1">composeEmail</a></td><td rowspan="1">1531027042600</td><td rowspan="1">0</td></tr><tr class="passedeven"><td><a href="#m2">doLogin</a></td><td rowspan="1">1531027042600</td><td rowspan="1">0</td></tr></tbody>
<tbody id="t1"><tr><th colspan="4">ValidateButtonTest &#8212; failed</th></tr><tr class="failedeven"><td rowspan="1">testNgLearning.TwovalidateButtonTest</td><td><a href="#m3">validateButton</a></td><td rowspan="1">1531027042678</td><td rowspan="1">0</td></tr></tbody>
<tbody id="t2"><tr><th colspan="4">TestDependencies &#8212; skipped</th></tr><tr class="skippedeven"><td rowspan="1">testNgLearning.ThreeTestDependencies</td><td><a href="#m4">isSkip</a></td><td rowspan="1">1531027042725</td><td rowspan="1">0</td></tr></tbody>
</table>
<h2>LoginTest</h2><h3 id="m0">testNgLearning.OneLoginTest#checkinbox</h3><table class="result"><tr><th class="invisible"/></tr></table><p class="totop"><a href="#summary">back to summary</a></p>
<h3 id="m1">testNgLearning.OneLoginTest#composeEmail</h3><table class="result"><tr><th class="invisible"/></tr></table><p class="totop"><a href="#summary">back to summary</a></p>
<h3 id="m2">testNgLearning.OneLoginTest#doLogin</h3><table class="result"><tr><th class="invisible"/></tr></table><p class="totop"><a href="#summary">back to summary</a></p>
<h2>ValidateButtonTest</h2><h3 id="m3">testNgLearning.TwovalidateButtonTest#validateButton</h3><table class="result"><tr><th>Messages</th></tr><tr><td><div class="messages"><a target="_blank" href="Capture2.JPG">Screenshot Captured</a><br/><br><a  target='_blank' href="Capture2.JPG" ><img height=200, width=200, src="Capture2.JPG" alt=""/></img></a><br/>Screenshot captured</div></td></tr><tr><th>Exception</th></tr><tr><td><div class="stacktrace">java.lang.AssertionError: expected [ok] but found [submit]
	at testNgLearning.TwovalidateButtonTest.validateButton(TwovalidateButtonTest.java:23)
... Removed 34 stack frames</div></td></tr></table><p class="totop"><a href="#summary">back to summary</a></p>
<h2>TestDependencies</h2><h3 id="m4">testNgLearning.ThreeTestDependencies#isSkip</h3><table class="result"><tr><th>Exception</th></tr><tr><td><div class="stacktrace">org.testng.SkipException: skipping the method
	at testNgLearning.ThreeTestDependencies.isSkip(ThreeTestDependencies.java:29)
... Removed 28 stack frames</div></td></tr></table><p class="totop"><a href="#summary">back to summary</a></p>
</body>
</html>
